<?xml version="1.0" encoding="UTF-8"?>
<testng-results ignored="0" total="1" passed="1" failed="0" skipped="0">
  <reporter-output>
  </reporter-output>
  <suite started-at="2020-07-08T15:25:37 MESZ" name="Default suite" finished-at="2020-07-08T15:25:50 MESZ" duration-ms="12373">
    <groups>
    </groups>
    <test started-at="2020-07-08T15:25:37 MESZ" name="Default test" finished-at="2020-07-08T15:25:50 MESZ" duration-ms="12373">
      <class name="com.douglas.tests.testResetPassword">
        <test-method is-config="true" signature="setup()[pri:0, instance:com.douglas.tests.testResetPassword@4f67eb2a]" started-at="2020-07-08T15:25:37 MESZ" name="setup" finished-at="2020-07-08T15:25:42 MESZ" duration-ms="4841" status="PASS">
          <reporter-output>
          </reporter-output>
        </test-method> <!-- setup -->
        <test-method signature="testForResetPassword()[pri:0, instance:com.douglas.tests.testResetPassword@4f67eb2a]" started-at="2020-07-08T15:25:42 MESZ" name="testForResetPassword" finished-at="2020-07-08T15:25:50 MESZ" duration-ms="7497" status="PASS">
          <reporter-output>
          </reporter-output>
        </test-method> <!-- testForResetPassword -->
      </class> <!-- com.douglas.tests.testResetPassword -->
    </test> <!-- Default test -->
  </suite> <!-- Default suite -->
</testng-results>
